<?xml version="1.0" encoding="UTF-8"?>
<testng-results ignored="0" total="3" passed="3" failed="0" skipped="0">
  <reporter-output>
  </reporter-output>
  <suite started-at="2019-05-04T21:08:24Z" name="Default suite" finished-at="2019-05-04T21:08:58Z" duration-ms="33710">
    <groups>
      <group name="cucumber">
        <method signature="AbstractTestNGCucumberTests.feature(cucumber.api.testng.CucumberFeatureWrapper)[pri:0, instance:com.ecommerce.testrunner.TestRunner@38afe297]" name="feature" class="cucumber.api.testng.AbstractTestNGCucumberTests"/>
      </group> <!-- cucumber -->
    </groups>
    <test started-at="2019-05-04T21:08:24Z" name="Default test" finished-at="2019-05-04T21:08:58Z" duration-ms="33710">
      <class name="com.ecommerce.testrunner.TestRunner">
        <test-method is-config="true" signature="setUpClass()[pri:0, instance:com.ecommerce.testrunner.TestRunner@38afe297]" started-at="2019-05-04T17:08:24Z" name="setUpClass" finished-at="2019-05-04T17:08:25Z" duration-ms="365" status="PASS">
          <reporter-output>
          </reporter-output>
        </test-method> <!-- setUpClass -->
        <test-method signature="feature(cucumber.api.testng.CucumberFeatureWrapper)[pri:0, instance:com.ecommerce.testrunner.TestRunner@38afe297]" started-at="2019-05-04T17:08:25Z" name="feature" description="Runs Cucumber Feature" data-provider="features" finished-at="2019-05-04T17:08:36Z" duration-ms="10961" status="PASS">
          <params>
            <param index="0">
              <value>
                <![CDATA[Cart Contents Functionality test.]]>
              </value>
            </param>
          </params>
          <reporter-output>
          </reporter-output>
        </test-method> <!-- feature -->
        <test-method signature="feature(cucumber.api.testng.CucumberFeatureWrapper)[pri:0, instance:com.ecommerce.testrunner.TestRunner@38afe297]" started-at="2019-05-04T17:08:36Z" name="feature" description="Runs Cucumber Feature" data-provider="features" finished-at="2019-05-04T17:08:45Z" duration-ms="9459" status="PASS">
          <params>
            <param index="0">
              <value>
                <![CDATA[Login test in oscommerce website]]>
              </value>
            </param>
          </params>
          <reporter-output>
          </reporter-output>
        </test-method> <!-- feature -->
        <test-method signature="feature(cucumber.api.testng.CucumberFeatureWrapper)[pri:0, instance:com.ecommerce.testrunner.TestRunner@38afe297]" started-at="2019-05-04T17:08:45Z" name="feature" description="Runs Cucumber Feature" data-provider="features" finished-at="2019-05-04T17:08:58Z" duration-ms="12754" status="PASS">
          <params>
            <param index="0">
              <value>
                <![CDATA[QuickFind Functionality test.]]>
              </value>
            </param>
          </params>
          <reporter-output>
          </reporter-output>
        </test-method> <!-- feature -->
        <test-method is-config="true" signature="tearDownClass()[pri:0, instance:com.ecommerce.testrunner.TestRunner@38afe297]" started-at="2019-05-04T17:08:58Z" name="tearDownClass" finished-at="2019-05-04T17:08:58Z" duration-ms="6" status="PASS">
          <reporter-output>
          </reporter-output>
        </test-method> <!-- tearDownClass -->
      </class> <!-- com.ecommerce.testrunner.TestRunner -->
    </test> <!-- Default test -->
  </suite> <!-- Default suite -->
</testng-results>
