<?xml version="1.0" encoding="UTF-8"?>
<!-- Generated by org.testng.reporters.JUnitXMLReporter -->
<testsuite ignored="0" hostname="DESKTOP-1A0K5DH" failures="0" tests="3" name="Default test" time="33.71" errors="0" timestamp="04 May 2019 21:08:58 GMT">
  <testcase classname="cucumber.api.testng.AbstractTestNGCucumberTests" name="feature" time="10.961"/>
  <testcase classname="cucumber.api.testng.AbstractTestNGCucumberTests" name="feature" time="9.459"/>
  <testcase classname="cucumber.api.testng.AbstractTestNGCucumberTests" name="feature" time="12.754"/>
</testsuite> <!-- Default test -->
